2024-08-24 13:13:13,030 [Worker-4: Loading available Gradle versions] INFO  o.e.b.c.i.u.g.PublishedGradleVersions - Gradle version information cache is up-to-date. Trying to read.
2024-08-24 13:28:53,435 [Worker-14: Creating project "regressivos.ui.bank"] INFO  o.e.m.c.i.l.LifecycleMappingFactory - Using org.eclipse.m2e.jdt.JarLifecycleMapping lifecycle mapping for MavenProject: br.com.e2etreinamentos.banke2etrei:regressivos.ui.bank:0.0.1-SNAPSHOT @ C:\Users\luaol\eclipse-workspace\regressivos.ui.bankk\target\regressivos.ui.bank\pom.xml.
2024-08-24 13:28:55,530 [Worker-14: Creating project "regressivos.ui.bank"] INFO  o.e.m.j.i.AbstractJavaProjectConfigurator - Adding source folder /regressivos.ui.bank/src/main/java
2024-08-24 13:28:55,533 [Worker-14: Creating project "regressivos.ui.bank"] INFO  o.e.m.j.i.AbstractJavaProjectConfigurator - Adding resource folder /regressivos.ui.bank/src/main/resources
2024-08-24 13:28:55,536 [Worker-14: Creating project "regressivos.ui.bank"] INFO  o.e.m.j.i.AbstractJavaProjectConfigurator - Adding source folder /regressivos.ui.bank/src/test/java
2024-08-24 13:28:55,537 [Worker-14: Creating project "regressivos.ui.bank"] INFO  o.e.m.j.i.AbstractJavaProjectConfigurator - Adding resource folder /regressivos.ui.bank/src/test/resources
2024-08-24 13:28:56,913 [Worker-14: Building] WARN  o.a.m.s.f.DefaultMavenResourcesFiltering - Using platform encoding (UTF-8 actually) to copy filtered resources, i.e. build is platform dependent!
2024-08-24 13:28:56,920 [Worker-14: Building] INFO  o.a.m.s.f.DefaultMavenResourcesFiltering - Copying 0 resource from src\main\resources to target\classes
2024-08-24 13:28:56,925 [Worker-14: Building] WARN  o.a.m.s.f.DefaultMavenResourcesFiltering - Using platform encoding (UTF-8 actually) to copy filtered resources, i.e. build is platform dependent!
2024-08-24 13:28:56,926 [Worker-14: Building] INFO  o.a.m.s.f.DefaultMavenResourcesFiltering - Copying 0 resource from src\test\resources to target\test-classes
2024-08-24 13:32:49,281 [Worker-23: Creating project "regressivoa.ui.banke2e"] INFO  o.e.m.c.i.l.LifecycleMappingFactory - Using org.eclipse.m2e.jdt.JarLifecycleMapping lifecycle mapping for MavenProject: br.com.e2etreinamentos.banke2etrei:regressivoa.ui.banke2e:0.0.1-SNAPSHOT @ C:\Users\luaol\eclipse-workspace\regressivos.ui.bankk\target\regressivoa.ui.banke2e\pom.xml.
2024-08-24 13:32:49,338 [Worker-23: Creating project "regressivoa.ui.banke2e"] INFO  o.e.m.j.i.AbstractJavaProjectConfigurator - Adding source folder /regressivoa.ui.banke2e/src/main/java
2024-08-24 13:32:49,339 [Worker-23: Creating project "regressivoa.ui.banke2e"] INFO  o.e.m.j.i.AbstractJavaProjectConfigurator - Adding resource folder /regressivoa.ui.banke2e/src/main/resources
2024-08-24 13:32:49,339 [Worker-23: Creating project "regressivoa.ui.banke2e"] INFO  o.e.m.j.i.AbstractJavaProjectConfigurator - Adding source folder /regressivoa.ui.banke2e/src/test/java
2024-08-24 13:32:49,339 [Worker-23: Creating project "regressivoa.ui.banke2e"] INFO  o.e.m.j.i.AbstractJavaProjectConfigurator - Adding resource folder /regressivoa.ui.banke2e/src/test/resources
2024-08-24 13:32:49,565 [Worker-27: Building] WARN  o.a.m.s.f.DefaultMavenResourcesFiltering - Using platform encoding (UTF-8 actually) to copy filtered resources, i.e. build is platform dependent!
2024-08-24 13:32:49,567 [Worker-27: Building] INFO  o.a.m.s.f.DefaultMavenResourcesFiltering - Copying 0 resource from src\main\resources to target\classes
2024-08-24 13:32:49,570 [Worker-27: Building] WARN  o.a.m.s.f.DefaultMavenResourcesFiltering - Using platform encoding (UTF-8 actually) to copy filtered resources, i.e. build is platform dependent!
2024-08-24 13:32:49,572 [Worker-27: Building] INFO  o.a.m.s.f.DefaultMavenResourcesFiltering - Copying 0 resource from src\test\resources to target\test-classes
2024-08-24 18:50:48,642 [Worker-2: Loading available Gradle versions] INFO  o.e.b.c.i.u.g.PublishedGradleVersions - Gradle version information cache is up-to-date. Trying to read.
2024-08-24 18:55:50,149 [Worker-22: Updating Maven Project] INFO  o.e.m.c.i.p.ProjectConfigurationManager - Update started
2024-08-24 18:55:50,838 [Worker-22: Updating Maven Project] INFO  o.e.m.c.i.l.LifecycleMappingFactory - Using org.eclipse.m2e.jdt.JarLifecycleMapping lifecycle mapping for MavenProject: br.com.e2etreinamentos.banke2etrei:regressivoa.ui.banke2e:0.0.1-SNAPSHOT @ C:\Users\luaol\eclipse-workspace\regressivos.ui.bankk\target\regressivoa.ui.banke2e\pom.xml.
2024-08-24 18:55:50,907 [Worker-22: Updating Maven Project] INFO  o.e.m.c.i.l.LifecycleMappingFactory - Using org.eclipse.m2e.jdt.JarLifecycleMapping lifecycle mapping for MavenProject: br.com.e2etreinamentos.banke2etrei:regressivos.ui.bank:0.0.1-SNAPSHOT @ C:\Users\luaol\eclipse-workspace\regressivos.ui.bankk\target\regressivos.ui.bank\pom.xml.
2024-08-24 18:55:51,175 [Worker-22: Updating Maven Project] INFO  o.e.m.j.i.AbstractJavaProjectConfigurator - Adding source folder /regressivoa.ui.banke2e/src/main/java
2024-08-24 18:55:51,179 [Worker-22: Updating Maven Project] INFO  o.e.m.j.i.AbstractJavaProjectConfigurator - Adding resource folder /regressivoa.ui.banke2e/src/main/resources
2024-08-24 18:55:51,180 [Worker-22: Updating Maven Project] INFO  o.e.m.j.i.AbstractJavaProjectConfigurator - Adding source folder /regressivoa.ui.banke2e/src/test/java
2024-08-24 18:55:51,181 [Worker-22: Updating Maven Project] INFO  o.e.m.j.i.AbstractJavaProjectConfigurator - Adding resource folder /regressivoa.ui.banke2e/src/test/resources
2024-08-24 18:55:51,246 [Worker-22: Updating Maven Project] INFO  o.e.m.j.i.AbstractJavaProjectConfigurator - Adding source folder /regressivos.ui.bank/src/main/java
2024-08-24 18:55:51,248 [Worker-22: Updating Maven Project] INFO  o.e.m.j.i.AbstractJavaProjectConfigurator - Adding resource folder /regressivos.ui.bank/src/main/resources
2024-08-24 18:55:51,249 [Worker-22: Updating Maven Project] INFO  o.e.m.j.i.AbstractJavaProjectConfigurator - Adding source folder /regressivos.ui.bank/src/test/java
2024-08-24 18:55:51,250 [Worker-22: Updating Maven Project] INFO  o.e.m.j.i.AbstractJavaProjectConfigurator - Adding resource folder /regressivos.ui.bank/src/test/resources
2024-08-24 18:55:51,370 [Worker-22: Updating Maven Project] INFO  o.e.m.c.i.p.ProjectConfigurationManager - Update completed for 2 poms: local refresh takes 0,00 sec, refresh facades takes 0,00 sec, update config takes 0,00 sec 
2024-08-24 18:57:06,977 [Worker-3: Updating Maven Project] INFO  o.e.m.c.i.p.ProjectConfigurationManager - Update started
2024-08-24 18:57:07,697 [Worker-3: Updating Maven Project] INFO  o.e.m.c.i.l.LifecycleMappingFactory - Using org.eclipse.m2e.jdt.JarLifecycleMapping lifecycle mapping for MavenProject: br.com.e2etreinamentos.banke2etrei:regressivoa.ui.banke2e:0.0.1-SNAPSHOT @ C:\Users\luaol\eclipse-workspace\regressivos.ui.bankk\target\regressivoa.ui.banke2e\pom.xml.
2024-08-24 18:57:07,767 [Worker-3: Updating Maven Project] INFO  o.e.m.c.i.l.LifecycleMappingFactory - Using org.eclipse.m2e.jdt.JarLifecycleMapping lifecycle mapping for MavenProject: br.com.e2etreinamentos.banke2etrei:regressivos.ui.bank:0.0.1-SNAPSHOT @ C:\Users\luaol\eclipse-workspace\regressivos.ui.bankk\target\regressivos.ui.bank\pom.xml.
2024-08-24 18:57:08,945 [Worker-3: Updating Maven Project] INFO  o.e.m.j.i.AbstractJavaProjectConfigurator - Adding source folder /regressivoa.ui.banke2e/src/main/java
2024-08-24 18:57:08,948 [Worker-3: Updating Maven Project] INFO  o.e.m.j.i.AbstractJavaProjectConfigurator - Adding resource folder /regressivoa.ui.banke2e/src/main/resources
2024-08-24 18:57:08,949 [Worker-3: Updating Maven Project] INFO  o.e.m.j.i.AbstractJavaProjectConfigurator - Adding source folder /regressivoa.ui.banke2e/src/test/java
2024-08-24 18:57:08,951 [Worker-3: Updating Maven Project] INFO  o.e.m.j.i.AbstractJavaProjectConfigurator - Adding resource folder /regressivoa.ui.banke2e/src/test/resources
2024-08-24 18:57:09,002 [Worker-3: Updating Maven Project] INFO  o.e.m.j.i.AbstractJavaProjectConfigurator - Adding source folder /regressivos.ui.bank/src/main/java
2024-08-24 18:57:09,004 [Worker-3: Updating Maven Project] INFO  o.e.m.j.i.AbstractJavaProjectConfigurator - Adding resource folder /regressivos.ui.bank/src/main/resources
2024-08-24 18:57:09,005 [Worker-3: Updating Maven Project] INFO  o.e.m.j.i.AbstractJavaProjectConfigurator - Adding source folder /regressivos.ui.bank/src/test/java
2024-08-24 18:57:09,005 [Worker-3: Updating Maven Project] INFO  o.e.m.j.i.AbstractJavaProjectConfigurator - Adding resource folder /regressivos.ui.bank/src/test/resources
2024-08-24 18:57:09,099 [Worker-3: Updating Maven Project] INFO  o.e.m.c.i.p.ProjectConfigurationManager - Update completed for 2 poms: local refresh takes 0,00 sec, refresh facades takes 1,00 sec, update config takes 0,00 sec 
2024-08-24 19:00:45,811 [Worker-16: Building Workspace] WARN  o.a.m.s.f.DefaultMavenResourcesFiltering - Using platform encoding (UTF-8 actually) to copy filtered resources, i.e. build is platform dependent!
2024-08-24 19:00:45,818 [Worker-16: Building Workspace] INFO  o.a.m.s.f.DefaultMavenResourcesFiltering - Copying 0 resource from src\main\resources to target\classes
2024-08-24 19:00:45,823 [Worker-16: Building Workspace] WARN  o.a.m.s.f.DefaultMavenResourcesFiltering - Using platform encoding (UTF-8 actually) to copy filtered resources, i.e. build is platform dependent!
2024-08-24 19:00:45,825 [Worker-16: Building Workspace] INFO  o.a.m.s.f.DefaultMavenResourcesFiltering - Copying 0 resource from src\test\resources to target\test-classes
2024-08-24 19:00:46,322 [Worker-16: Building Workspace] WARN  o.a.m.s.f.DefaultMavenResourcesFiltering - Using platform encoding (UTF-8 actually) to copy filtered resources, i.e. build is platform dependent!
2024-08-24 19:00:46,324 [Worker-16: Building Workspace] INFO  o.a.m.s.f.DefaultMavenResourcesFiltering - Copying 0 resource from src\main\resources to target\classes
2024-08-24 19:00:46,327 [Worker-16: Building Workspace] WARN  o.a.m.s.f.DefaultMavenResourcesFiltering - Using platform encoding (UTF-8 actually) to copy filtered resources, i.e. build is platform dependent!
2024-08-24 19:00:46,328 [Worker-16: Building Workspace] INFO  o.a.m.s.f.DefaultMavenResourcesFiltering - Copying 0 resource from src\test\resources to target\test-classes
2024-08-24 19:02:40,692 [Worker-24: Loading available Gradle versions] INFO  o.e.b.c.i.u.g.PublishedGradleVersions - Gradle version information cache is up-to-date. Trying to read.
2024-08-24 19:02:49,289 [Worker-22: Updating Maven Project] INFO  o.e.m.c.i.p.ProjectConfigurationManager - Update started
2024-08-24 19:02:49,721 [Worker-22: Updating Maven Project] INFO  o.e.m.c.i.l.LifecycleMappingFactory - Using org.eclipse.m2e.jdt.JarLifecycleMapping lifecycle mapping for MavenProject: br.com.e2etreinamentos.banke2etrei:regressivoa.ui.banke2e:0.0.1-SNAPSHOT @ C:\Users\luaol\eclipse-workspace\regressivos.ui.bankk\target\regressivoa.ui.banke2e\pom.xml.
2024-08-24 19:02:49,781 [Worker-22: Updating Maven Project] INFO  o.e.m.c.i.l.LifecycleMappingFactory - Using org.eclipse.m2e.jdt.JarLifecycleMapping lifecycle mapping for MavenProject: br.com.e2etreinamentos.banke2etrei:regressivos.ui.bank:0.0.1-SNAPSHOT @ C:\Users\luaol\eclipse-workspace\regressivos.ui.bankk\target\regressivos.ui.bank\pom.xml.
2024-08-24 19:02:49,977 [Worker-22: Updating Maven Project] INFO  o.e.m.j.i.AbstractJavaProjectConfigurator - Adding source folder /regressivoa.ui.banke2e/src/main/java
2024-08-24 19:02:49,980 [Worker-22: Updating Maven Project] INFO  o.e.m.j.i.AbstractJavaProjectConfigurator - Adding resource folder /regressivoa.ui.banke2e/src/main/resources
2024-08-24 19:02:49,981 [Worker-22: Updating Maven Project] INFO  o.e.m.j.i.AbstractJavaProjectConfigurator - Adding source folder /regressivoa.ui.banke2e/src/test/java
2024-08-24 19:02:49,983 [Worker-22: Updating Maven Project] INFO  o.e.m.j.i.AbstractJavaProjectConfigurator - Adding resource folder /regressivoa.ui.banke2e/src/test/resources
2024-08-24 19:02:50,041 [Worker-22: Updating Maven Project] INFO  o.e.m.j.i.AbstractJavaProjectConfigurator - Adding source folder /regressivos.ui.bank/src/main/java
2024-08-24 19:02:50,043 [Worker-22: Updating Maven Project] INFO  o.e.m.j.i.AbstractJavaProjectConfigurator - Adding resource folder /regressivos.ui.bank/src/main/resources
2024-08-24 19:02:50,043 [Worker-22: Updating Maven Project] INFO  o.e.m.j.i.AbstractJavaProjectConfigurator - Adding source folder /regressivos.ui.bank/src/test/java
2024-08-24 19:02:50,044 [Worker-22: Updating Maven Project] INFO  o.e.m.j.i.AbstractJavaProjectConfigurator - Adding resource folder /regressivos.ui.bank/src/test/resources
2024-08-24 19:02:50,152 [Worker-22: Updating Maven Project] INFO  o.e.m.c.i.p.ProjectConfigurationManager - Update completed for 2 poms: local refresh takes 0,00 sec, refresh facades takes 0,00 sec, update config takes 0,00 sec 
2024-08-24 19:03:01,281 [Worker-24: Updating Maven Project] INFO  o.e.m.c.i.p.ProjectConfigurationManager - Update started
2024-08-24 19:03:01,561 [Worker-24: Updating Maven Project] INFO  o.e.m.c.i.l.LifecycleMappingFactory - Using org.eclipse.m2e.jdt.JarLifecycleMapping lifecycle mapping for MavenProject: br.com.e2etreinamentos.banke2etrei:regressivoa.ui.banke2e:0.0.1-SNAPSHOT @ C:\Users\luaol\eclipse-workspace\regressivos.ui.bankk\target\regressivoa.ui.banke2e\pom.xml.
2024-08-24 19:03:01,620 [Worker-24: Updating Maven Project] INFO  o.e.m.c.i.l.LifecycleMappingFactory - Using org.eclipse.m2e.jdt.JarLifecycleMapping lifecycle mapping for MavenProject: br.com.e2etreinamentos.banke2etrei:regressivos.ui.bank:0.0.1-SNAPSHOT @ C:\Users\luaol\eclipse-workspace\regressivos.ui.bankk\target\regressivos.ui.bank\pom.xml.
2024-08-24 19:03:02,174 [Worker-24: Updating Maven Project] INFO  o.e.m.j.i.AbstractJavaProjectConfigurator - Adding source folder /regressivoa.ui.banke2e/src/main/java
2024-08-24 19:03:02,175 [Worker-24: Updating Maven Project] INFO  o.e.m.j.i.AbstractJavaProjectConfigurator - Adding resource folder /regressivoa.ui.banke2e/src/main/resources
2024-08-24 19:03:02,175 [Worker-24: Updating Maven Project] INFO  o.e.m.j.i.AbstractJavaProjectConfigurator - Adding source folder /regressivoa.ui.banke2e/src/test/java
2024-08-24 19:03:02,176 [Worker-24: Updating Maven Project] INFO  o.e.m.j.i.AbstractJavaProjectConfigurator - Adding resource folder /regressivoa.ui.banke2e/src/test/resources
2024-08-24 19:03:02,228 [Worker-24: Updating Maven Project] INFO  o.e.m.j.i.AbstractJavaProjectConfigurator - Adding source folder /regressivos.ui.bank/src/main/java
2024-08-24 19:03:02,229 [Worker-24: Updating Maven Project] INFO  o.e.m.j.i.AbstractJavaProjectConfigurator - Adding resource folder /regressivos.ui.bank/src/main/resources
2024-08-24 19:03:02,230 [Worker-24: Updating Maven Project] INFO  o.e.m.j.i.AbstractJavaProjectConfigurator - Adding source folder /regressivos.ui.bank/src/test/java
2024-08-24 19:03:02,231 [Worker-24: Updating Maven Project] INFO  o.e.m.j.i.AbstractJavaProjectConfigurator - Adding resource folder /regressivos.ui.bank/src/test/resources
2024-08-24 19:03:02,276 [Worker-24: Updating Maven Project] INFO  o.e.m.c.i.p.ProjectConfigurationManager - Update completed for 2 poms: local refresh takes 0,00 sec, refresh facades takes 0,00 sec, update config takes 0,00 sec 
2024-08-24 19:03:15,204 [Worker-23: Updating Maven Project] INFO  o.e.m.c.i.p.ProjectConfigurationManager - Update started
2024-08-24 19:03:15,475 [Worker-23: Updating Maven Project] INFO  o.e.m.c.i.l.LifecycleMappingFactory - Using org.eclipse.m2e.jdt.JarLifecycleMapping lifecycle mapping for MavenProject: br.com.e2etreinamentos.banke2etrei:regressivoa.ui.banke2e:0.0.1-SNAPSHOT @ C:\Users\luaol\eclipse-workspace\regressivos.ui.bankk\target\regressivoa.ui.banke2e\pom.xml.
2024-08-24 19:03:15,527 [Worker-23: Updating Maven Project] INFO  o.e.m.c.i.l.LifecycleMappingFactory - Using org.eclipse.m2e.jdt.JarLifecycleMapping lifecycle mapping for MavenProject: br.com.e2etreinamentos.banke2etrei:regressivos.ui.bank:0.0.1-SNAPSHOT @ C:\Users\luaol\eclipse-workspace\regressivos.ui.bankk\target\regressivos.ui.bank\pom.xml.
2024-08-24 19:03:15,953 [Worker-23: Updating Maven Project] INFO  o.e.m.j.i.AbstractJavaProjectConfigurator - Adding source folder /regressivoa.ui.banke2e/src/main/java
2024-08-24 19:03:15,954 [Worker-23: Updating Maven Project] INFO  o.e.m.j.i.AbstractJavaProjectConfigurator - Adding resource folder /regressivoa.ui.banke2e/src/main/resources
2024-08-24 19:03:15,954 [Worker-23: Updating Maven Project] INFO  o.e.m.j.i.AbstractJavaProjectConfigurator - Adding source folder /regressivoa.ui.banke2e/src/test/java
2024-08-24 19:03:15,955 [Worker-23: Updating Maven Project] INFO  o.e.m.j.i.AbstractJavaProjectConfigurator - Adding resource folder /regressivoa.ui.banke2e/src/test/resources
2024-08-24 19:03:15,988 [Worker-23: Updating Maven Project] INFO  o.e.m.j.i.AbstractJavaProjectConfigurator - Adding source folder /regressivos.ui.bank/src/main/java
2024-08-24 19:03:15,989 [Worker-23: Updating Maven Project] INFO  o.e.m.j.i.AbstractJavaProjectConfigurator - Adding resource folder /regressivos.ui.bank/src/main/resources
2024-08-24 19:03:15,990 [Worker-23: Updating Maven Project] INFO  o.e.m.j.i.AbstractJavaProjectConfigurator - Adding source folder /regressivos.ui.bank/src/test/java
2024-08-24 19:03:15,991 [Worker-23: Updating Maven Project] INFO  o.e.m.j.i.AbstractJavaProjectConfigurator - Adding resource folder /regressivos.ui.bank/src/test/resources
2024-08-24 19:03:16,033 [Worker-23: Updating Maven Project] INFO  o.e.m.c.i.p.ProjectConfigurationManager - Update completed for 2 poms: local refresh takes 0,00 sec, refresh facades takes 0,00 sec, update config takes 0,00 sec 
2024-08-24 19:03:41,981 [Worker-22: Updating Maven Project] INFO  o.e.m.c.i.p.ProjectConfigurationManager - Update started
2024-08-24 19:03:42,200 [Worker-22: Updating Maven Project] INFO  o.e.m.c.i.l.LifecycleMappingFactory - Using org.eclipse.m2e.jdt.JarLifecycleMapping lifecycle mapping for MavenProject: br.com.e2etreinamentos.banke2etrei:regressivoa.ui.banke2e:0.0.1-SNAPSHOT @ C:\Users\luaol\eclipse-workspace\regressivos.ui.bankk\target\regressivoa.ui.banke2e\pom.xml.
2024-08-24 19:03:42,237 [Worker-22: Updating Maven Project] INFO  o.e.m.c.i.l.LifecycleMappingFactory - Using org.eclipse.m2e.jdt.JarLifecycleMapping lifecycle mapping for MavenProject: br.com.e2etreinamentos.banke2etrei:regressivos.ui.bank:0.0.1-SNAPSHOT @ C:\Users\luaol\eclipse-workspace\regressivos.ui.bankk\target\regressivos.ui.bank\pom.xml.
2024-08-24 19:03:42,582 [Worker-22: Updating Maven Project] INFO  o.e.m.j.i.AbstractJavaProjectConfigurator - Adding source folder /regressivoa.ui.banke2e/src/main/java
2024-08-24 19:03:42,583 [Worker-22: Updating Maven Project] INFO  o.e.m.j.i.AbstractJavaProjectConfigurator - Adding resource folder /regressivoa.ui.banke2e/src/main/resources
2024-08-24 19:03:42,584 [Worker-22: Updating Maven Project] INFO  o.e.m.j.i.AbstractJavaProjectConfigurator - Adding source folder /regressivoa.ui.banke2e/src/test/java
2024-08-24 19:03:42,584 [Worker-22: Updating Maven Project] INFO  o.e.m.j.i.AbstractJavaProjectConfigurator - Adding resource folder /regressivoa.ui.banke2e/src/test/resources
2024-08-24 19:03:42,618 [Worker-22: Updating Maven Project] INFO  o.e.m.j.i.AbstractJavaProjectConfigurator - Adding source folder /regressivos.ui.bank/src/main/java
2024-08-24 19:03:42,619 [Worker-22: Updating Maven Project] INFO  o.e.m.j.i.AbstractJavaProjectConfigurator - Adding resource folder /regressivos.ui.bank/src/main/resources
2024-08-24 19:03:42,619 [Worker-22: Updating Maven Project] INFO  o.e.m.j.i.AbstractJavaProjectConfigurator - Adding source folder /regressivos.ui.bank/src/test/java
2024-08-24 19:03:42,620 [Worker-22: Updating Maven Project] INFO  o.e.m.j.i.AbstractJavaProjectConfigurator - Adding resource folder /regressivos.ui.bank/src/test/resources
2024-08-24 19:03:42,660 [Worker-22: Updating Maven Project] INFO  o.e.m.c.i.p.ProjectConfigurationManager - Update completed for 2 poms: local refresh takes 0,00 sec, refresh facades takes 0,00 sec, update config takes 0,00 sec 
2024-08-24 19:04:28,479 [Worker-24: Updating Maven Project] INFO  o.e.m.c.i.p.ProjectConfigurationManager - Update started
2024-08-24 19:04:28,708 [Worker-24: Updating Maven Project] INFO  o.e.m.c.i.l.LifecycleMappingFactory - Using org.eclipse.m2e.jdt.JarLifecycleMapping lifecycle mapping for MavenProject: br.com.e2etreinamentos.banke2etrei:regressivoa.ui.banke2e:0.0.1-SNAPSHOT @ C:\Users\luaol\eclipse-workspace\regressivos.ui.bankk\target\regressivoa.ui.banke2e\pom.xml.
2024-08-24 19:04:28,758 [Worker-24: Updating Maven Project] INFO  o.e.m.c.i.l.LifecycleMappingFactory - Using org.eclipse.m2e.jdt.JarLifecycleMapping lifecycle mapping for MavenProject: br.com.e2etreinamentos.banke2etrei:regressivos.ui.bank:0.0.1-SNAPSHOT @ C:\Users\luaol\eclipse-workspace\regressivos.ui.bankk\target\regressivos.ui.bank\pom.xml.
2024-08-24 19:04:29,103 [Worker-24: Updating Maven Project] INFO  o.e.m.j.i.AbstractJavaProjectConfigurator - Adding source folder /regressivoa.ui.banke2e/src/main/java
2024-08-24 19:04:29,104 [Worker-24: Updating Maven Project] INFO  o.e.m.j.i.AbstractJavaProjectConfigurator - Adding resource folder /regressivoa.ui.banke2e/src/main/resources
2024-08-24 19:04:29,105 [Worker-24: Updating Maven Project] INFO  o.e.m.j.i.AbstractJavaProjectConfigurator - Adding source folder /regressivoa.ui.banke2e/src/test/java
2024-08-24 19:04:29,105 [Worker-24: Updating Maven Project] INFO  o.e.m.j.i.AbstractJavaProjectConfigurator - Adding resource folder /regressivoa.ui.banke2e/src/test/resources
2024-08-24 19:04:29,138 [Worker-24: Updating Maven Project] INFO  o.e.m.j.i.AbstractJavaProjectConfigurator - Adding source folder /regressivos.ui.bank/src/main/java
2024-08-24 19:04:29,139 [Worker-24: Updating Maven Project] INFO  o.e.m.j.i.AbstractJavaProjectConfigurator - Adding resource folder /regressivos.ui.bank/src/main/resources
2024-08-24 19:04:29,139 [Worker-24: Updating Maven Project] INFO  o.e.m.j.i.AbstractJavaProjectConfigurator - Adding source folder /regressivos.ui.bank/src/test/java
2024-08-24 19:04:29,141 [Worker-24: Updating Maven Project] INFO  o.e.m.j.i.AbstractJavaProjectConfigurator - Adding resource folder /regressivos.ui.bank/src/test/resources
2024-08-24 19:04:29,176 [Worker-24: Updating Maven Project] INFO  o.e.m.c.i.p.ProjectConfigurationManager - Update completed for 2 poms: local refresh takes 0,00 sec, refresh facades takes 0,00 sec, update config takes 0,00 sec 
2024-08-24 19:05:08,304 [Worker-26: Updating Maven Project] INFO  o.e.m.c.i.p.ProjectConfigurationManager - Update started
2024-08-24 19:05:08,524 [Worker-26: Updating Maven Project] INFO  o.e.m.c.i.l.LifecycleMappingFactory - Using org.eclipse.m2e.jdt.JarLifecycleMapping lifecycle mapping for MavenProject: br.com.e2etreinamentos.banke2etrei:regressivoa.ui.banke2e:0.0.1-SNAPSHOT @ C:\Users\luaol\eclipse-workspace\regressivos.ui.bankk\target\regressivoa.ui.banke2e\pom.xml.
2024-08-24 19:05:08,563 [Worker-26: Updating Maven Project] INFO  o.e.m.c.i.l.LifecycleMappingFactory - Using org.eclipse.m2e.jdt.JarLifecycleMapping lifecycle mapping for MavenProject: br.com.e2etreinamentos.banke2etrei:regressivos.ui.bank:0.0.1-SNAPSHOT @ C:\Users\luaol\eclipse-workspace\regressivos.ui.bankk\target\regressivos.ui.bank\pom.xml.
2024-08-24 19:05:08,860 [Worker-26: Updating Maven Project] INFO  o.e.m.c.i.p.ProjectConfigurationManager - Update completed for 2 poms: local refresh takes 0,00 sec, refresh facades takes 0,00 sec, update config takes 0,00 sec 
2024-08-24 19:05:33,856 [Worker-25: Building Workspace] WARN  o.a.m.s.f.DefaultMavenResourcesFiltering - Using platform encoding (UTF-8 actually) to copy filtered resources, i.e. build is platform dependent!
2024-08-24 19:05:33,857 [Worker-25: Building Workspace] INFO  o.a.m.s.f.DefaultMavenResourcesFiltering - Copying 0 resource from src\main\resources to target\classes
2024-08-24 19:05:33,866 [Worker-25: Building Workspace] WARN  o.a.m.s.f.DefaultMavenResourcesFiltering - Using platform encoding (UTF-8 actually) to copy filtered resources, i.e. build is platform dependent!
2024-08-24 19:05:33,868 [Worker-25: Building Workspace] INFO  o.a.m.s.f.DefaultMavenResourcesFiltering - Copying 0 resource from src\test\resources to target\test-classes
2024-08-24 19:05:34,087 [Worker-25: Building Workspace] WARN  o.a.m.s.f.DefaultMavenResourcesFiltering - Using platform encoding (UTF-8 actually) to copy filtered resources, i.e. build is platform dependent!
2024-08-24 19:05:34,089 [Worker-25: Building Workspace] INFO  o.a.m.s.f.DefaultMavenResourcesFiltering - Copying 0 resource from src\main\resources to target\classes
2024-08-24 19:05:34,090 [Worker-25: Building Workspace] WARN  o.a.m.s.f.DefaultMavenResourcesFiltering - Using platform encoding (UTF-8 actually) to copy filtered resources, i.e. build is platform dependent!
2024-08-24 19:05:34,091 [Worker-25: Building Workspace] INFO  o.a.m.s.f.DefaultMavenResourcesFiltering - Copying 0 resource from src\test\resources to target\test-classes
2024-08-24 19:05:54,052 [Worker-25: Updating Maven Project] INFO  o.e.m.c.i.p.ProjectConfigurationManager - Update started
2024-08-24 19:05:54,268 [Worker-25: Updating Maven Project] INFO  o.e.m.c.i.l.LifecycleMappingFactory - Using org.eclipse.m2e.jdt.JarLifecycleMapping lifecycle mapping for MavenProject: br.com.e2etreinamentos.banke2etrei:regressivoa.ui.banke2e:0.0.1-SNAPSHOT @ C:\Users\luaol\eclipse-workspace\regressivos.ui.bankk\target\regressivoa.ui.banke2e\pom.xml.
2024-08-24 19:05:54,303 [Worker-25: Updating Maven Project] INFO  o.e.m.c.i.l.LifecycleMappingFactory - Using org.eclipse.m2e.jdt.JarLifecycleMapping lifecycle mapping for MavenProject: br.com.e2etreinamentos.banke2etrei:regressivos.ui.bank:0.0.1-SNAPSHOT @ C:\Users\luaol\eclipse-workspace\regressivos.ui.bankk\target\regressivos.ui.bank\pom.xml.
2024-08-24 19:05:54,423 [Worker-25: Updating Maven Project] INFO  o.e.m.j.i.AbstractJavaProjectConfigurator - Adding source folder /regressivoa.ui.banke2e/src/main/java
2024-08-24 19:05:54,424 [Worker-25: Updating Maven Project] INFO  o.e.m.j.i.AbstractJavaProjectConfigurator - Adding resource folder /regressivoa.ui.banke2e/src/main/resources
2024-08-24 19:05:54,425 [Worker-25: Updating Maven Project] INFO  o.e.m.j.i.AbstractJavaProjectConfigurator - Adding source folder /regressivoa.ui.banke2e/src/test/java
2024-08-24 19:05:54,426 [Worker-25: Updating Maven Project] INFO  o.e.m.j.i.AbstractJavaProjectConfigurator - Adding resource folder /regressivoa.ui.banke2e/src/test/resources
2024-08-24 19:05:54,456 [Worker-25: Updating Maven Project] INFO  o.e.m.j.i.AbstractJavaProjectConfigurator - Adding source folder /regressivos.ui.bank/src/main/java
2024-08-24 19:05:54,457 [Worker-25: Updating Maven Project] INFO  o.e.m.j.i.AbstractJavaProjectConfigurator - Adding resource folder /regressivos.ui.bank/src/main/resources
2024-08-24 19:05:54,458 [Worker-25: Updating Maven Project] INFO  o.e.m.j.i.AbstractJavaProjectConfigurator - Adding source folder /regressivos.ui.bank/src/test/java
2024-08-24 19:05:54,458 [Worker-25: Updating Maven Project] INFO  o.e.m.j.i.AbstractJavaProjectConfigurator - Adding resource folder /regressivos.ui.bank/src/test/resources
2024-08-24 19:05:54,503 [Worker-25: Updating Maven Project] INFO  o.e.m.c.i.p.ProjectConfigurationManager - Update completed for 2 poms: local refresh takes 0,00 sec, refresh facades takes 0,00 sec, update config takes 0,00 sec 
2024-08-25 11:06:00,656 [Worker-4: Creating project "elementosbanke2e"] INFO  o.e.m.c.i.l.LifecycleMappingFactory - Using org.eclipse.m2e.jdt.JarLifecycleMapping lifecycle mapping for MavenProject: br.com.e2etreinamentos.bank:elementosbanke2e:0.0.1-SNAPSHOT @ C:\Users\luaol\eclipse-workspace\regressivos.ui.bankk\target\elementosbanke2e\pom.xml.
2024-08-25 11:06:01,369 [Worker-4: Creating project "elementosbanke2e"] INFO  o.e.m.j.i.AbstractJavaProjectConfigurator - Adding source folder /elementosbanke2e/src/main/java
2024-08-25 11:06:01,373 [Worker-4: Creating project "elementosbanke2e"] INFO  o.e.m.j.i.AbstractJavaProjectConfigurator - Adding resource folder /elementosbanke2e/src/main/resources
2024-08-25 11:06:01,375 [Worker-4: Creating project "elementosbanke2e"] INFO  o.e.m.j.i.AbstractJavaProjectConfigurator - Adding source folder /elementosbanke2e/src/test/java
2024-08-25 11:06:01,376 [Worker-4: Creating project "elementosbanke2e"] INFO  o.e.m.j.i.AbstractJavaProjectConfigurator - Adding resource folder /elementosbanke2e/src/test/resources
2024-08-25 11:07:08,062 [Worker-19: Creating project "elementosb"] INFO  o.e.m.c.i.l.LifecycleMappingFactory - Using org.eclipse.m2e.jdt.JarLifecycleMapping lifecycle mapping for MavenProject: br.com.e2etreinamentos.bank:elementosb:0.0.1-SNAPSHOT @ C:\Users\luaol\eclipse-workspace\regressivos.ui.bankk\target\elementosb\pom.xml.
2024-08-25 11:07:08,184 [Worker-19: Creating project "elementosb"] INFO  o.e.m.j.i.AbstractJavaProjectConfigurator - Adding source folder /elementosb/src/main/java
2024-08-25 11:07:08,187 [Worker-19: Creating project "elementosb"] INFO  o.e.m.j.i.AbstractJavaProjectConfigurator - Adding resource folder /elementosb/src/main/resources
2024-08-25 11:07:08,188 [Worker-19: Creating project "elementosb"] INFO  o.e.m.j.i.AbstractJavaProjectConfigurator - Adding source folder /elementosb/src/test/java
2024-08-25 11:07:08,190 [Worker-19: Creating project "elementosb"] INFO  o.e.m.j.i.AbstractJavaProjectConfigurator - Adding resource folder /elementosb/src/test/resources
2024-08-25 11:09:24,425 [Worker-5: Creating project "regressivos.ui"] INFO  o.e.m.c.i.l.LifecycleMappingFactory - Using org.eclipse.m2e.jdt.JarLifecycleMapping lifecycle mapping for MavenProject: br.com.e2etreinamentos.bank:regressivos.ui:0.0.1-SNAPSHOT @ C:\Users\luaol\eclipse-workspace\regressivos.ui.bankk\target\regressivos.ui\pom.xml.
2024-08-25 11:09:25,131 [Worker-5: Creating project "regressivos.ui"] INFO  o.e.m.j.i.AbstractJavaProjectConfigurator - Adding source folder /regressivos.ui/src/main/java
2024-08-25 11:09:25,135 [Worker-5: Creating project "regressivos.ui"] INFO  o.e.m.j.i.AbstractJavaProjectConfigurator - Adding resource folder /regressivos.ui/src/main/resources
2024-08-25 11:09:25,136 [Worker-5: Creating project "regressivos.ui"] INFO  o.e.m.j.i.AbstractJavaProjectConfigurator - Adding source folder /regressivos.ui/src/test/java
2024-08-25 11:09:25,138 [Worker-5: Creating project "regressivos.ui"] INFO  o.e.m.j.i.AbstractJavaProjectConfigurator - Adding resource folder /regressivos.ui/src/test/resources
2024-08-25 11:09:56,433 [Worker-6: Building Workspace] WARN  o.a.m.s.f.DefaultMavenResourcesFiltering - Using platform encoding (UTF-8 actually) to copy filtered resources, i.e. build is platform dependent!
2024-08-25 11:09:56,440 [Worker-6: Building Workspace] INFO  o.a.m.s.f.DefaultMavenResourcesFiltering - Copying 0 resource from src\main\resources to target\classes
2024-08-25 11:09:56,446 [Worker-6: Building Workspace] WARN  o.a.m.s.f.DefaultMavenResourcesFiltering - Using platform encoding (UTF-8 actually) to copy filtered resources, i.e. build is platform dependent!
2024-08-25 11:09:56,448 [Worker-6: Building Workspace] INFO  o.a.m.s.f.DefaultMavenResourcesFiltering - Copying 0 resource from src\test\resources to target\test-classes
2024-08-25 11:09:56,829 [Worker-6: Building Workspace] WARN  o.a.m.s.f.DefaultMavenResourcesFiltering - Using platform encoding (UTF-8 actually) to copy filtered resources, i.e. build is platform dependent!
2024-08-25 11:09:56,830 [Worker-6: Building Workspace] INFO  o.a.m.s.f.DefaultMavenResourcesFiltering - Copying 0 resource from src\main\resources to target\classes
2024-08-25 11:09:56,834 [Worker-6: Building Workspace] WARN  o.a.m.s.f.DefaultMavenResourcesFiltering - Using platform encoding (UTF-8 actually) to copy filtered resources, i.e. build is platform dependent!
2024-08-25 11:09:56,836 [Worker-6: Building Workspace] INFO  o.a.m.s.f.DefaultMavenResourcesFiltering - Copying 0 resource from src\test\resources to target\test-classes
2024-08-25 11:09:56,871 [Worker-6: Building Workspace] WARN  o.a.m.s.f.DefaultMavenResourcesFiltering - Using platform encoding (UTF-8 actually) to copy filtered resources, i.e. build is platform dependent!
2024-08-25 11:09:56,872 [Worker-6: Building Workspace] INFO  o.a.m.s.f.DefaultMavenResourcesFiltering - Copying 0 resource from src\main\resources to target\classes
2024-08-25 11:09:56,875 [Worker-6: Building Workspace] WARN  o.a.m.s.f.DefaultMavenResourcesFiltering - Using platform encoding (UTF-8 actually) to copy filtered resources, i.e. build is platform dependent!
2024-08-25 11:09:56,876 [Worker-6: Building Workspace] INFO  o.a.m.s.f.DefaultMavenResourcesFiltering - Copying 0 resource from src\test\resources to target\test-classes
2024-08-25 11:09:56,911 [Worker-6: Building Workspace] WARN  o.a.m.s.f.DefaultMavenResourcesFiltering - Using platform encoding (UTF-8 actually) to copy filtered resources, i.e. build is platform dependent!
2024-08-25 11:09:56,912 [Worker-6: Building Workspace] INFO  o.a.m.s.f.DefaultMavenResourcesFiltering - Copying 0 resource from src\main\resources to target\classes
2024-08-25 11:09:56,915 [Worker-6: Building Workspace] WARN  o.a.m.s.f.DefaultMavenResourcesFiltering - Using platform encoding (UTF-8 actually) to copy filtered resources, i.e. build is platform dependent!
2024-08-25 11:09:56,917 [Worker-6: Building Workspace] INFO  o.a.m.s.f.DefaultMavenResourcesFiltering - Copying 0 resource from src\test\resources to target\test-classes
2024-08-25 11:09:56,951 [Worker-6: Building Workspace] WARN  o.a.m.s.f.DefaultMavenResourcesFiltering - Using platform encoding (UTF-8 actually) to copy filtered resources, i.e. build is platform dependent!
2024-08-25 11:09:56,953 [Worker-6: Building Workspace] INFO  o.a.m.s.f.DefaultMavenResourcesFiltering - Copying 0 resource from src\main\resources to target\classes
2024-08-25 11:09:56,958 [Worker-6: Building Workspace] WARN  o.a.m.s.f.DefaultMavenResourcesFiltering - Using platform encoding (UTF-8 actually) to copy filtered resources, i.e. build is platform dependent!
2024-08-25 11:09:56,959 [Worker-6: Building Workspace] INFO  o.a.m.s.f.DefaultMavenResourcesFiltering - Copying 0 resource from src\test\resources to target\test-classes
2024-08-25 11:16:17,564 [Worker-21: Loading available Gradle versions] INFO  o.e.b.c.i.u.g.PublishedGradleVersions - Gradle version information cache is up-to-date. Trying to read.
2024-08-25 11:18:06,155 [Worker-10: Creating project "elementos"] INFO  o.e.m.c.i.l.LifecycleMappingFactory - Using org.eclipse.m2e.jdt.JarLifecycleMapping lifecycle mapping for MavenProject: br.com.e2etreinamentos.bank:elementos:0.0.1-SNAPSHOT @ C:\Users\luaol\eclipse-workspace\regressivos.ui.bankk\target\elementos\pom.xml.
2024-08-25 11:18:06,967 [Worker-10: Creating project "elementos"] INFO  o.e.m.j.i.AbstractJavaProjectConfigurator - Adding source folder /elementos/src/main/java
2024-08-25 11:18:06,971 [Worker-10: Creating project "elementos"] INFO  o.e.m.j.i.AbstractJavaProjectConfigurator - Adding resource folder /elementos/src/main/resources
2024-08-25 11:18:06,973 [Worker-10: Creating project "elementos"] INFO  o.e.m.j.i.AbstractJavaProjectConfigurator - Adding source folder /elementos/src/test/java
2024-08-25 11:18:06,974 [Worker-10: Creating project "elementos"] INFO  o.e.m.j.i.AbstractJavaProjectConfigurator - Adding resource folder /elementos/src/test/resources
